<?xml version="1.0" encoding="UTF-8"?>
<!-- Generated by org.testng.reporters.JUnitReportReporter -->
<testsuite skipped="0" hostname="VATLITWB00266" name="org.com.ObjectMainMobile.MobileTestMainClass" tests="3" failures="0" timestamp="13 Jun 2021 05:34:37 GMT" time="14.508" errors="0">
  <testcase name="validateErrorMsgForInvalidPassword" time="8.694" classname="org.com.ObjectMainMobile.MobileTestMainClass"/>
  <testcase name="validateProductAddAndRemoveProductInCart" time="2.551" classname="org.com.ObjectMainMobile.MobileTestMainClass"/>
  <testcase name="loginToApplicationValidateHomePage" time="3.263" classname="org.com.ObjectMainMobile.MobileTestMainClass"/>
</testsuite> <!-- org.com.ObjectMainMobile.MobileTestMainClass -->
