<?xml version="1.0" encoding="UTF-8"?>
<!-- Generated by org.testng.reporters.JUnitReportReporter -->
<testsuite skipped="0" hostname="VATLITWB00266" name="org.com.TestPackage.TestMainClass" tests="3" failures="0" timestamp="13 Jun 2021 15:28:32 GMT" time="33.737" errors="0">
  <testcase name="validateErrorMsgForInvalidPassword" time="22.793" classname="org.com.TestPackage.TestMainClass"/>
  <testcase name="validateProductAddAndRemoveProductInCart" time="5.357" classname="org.com.TestPackage.TestMainClass"/>
  <testcase name="loginToApplicationValidateHomePage" time="5.587" classname="org.com.TestPackage.TestMainClass"/>
</testsuite> <!-- org.com.TestPackage.TestMainClass -->
